<?xml version="1.0" encoding="UTF-8"?>
<!-- Generated by org.testng.reporters.JUnitReportReporter -->
<testsuite skipped="0" hostname="Cocos-MacBook-Pro.local" name="tests.macys.macysHomePage.searchProduct" tests="1" failures="0" timestamp="24 Apr 2019 09:43:18 GMT" time="41.623" errors="0">
  <testcase name="validatePageContent" time="41.623" classname="tests.macys.macysHomePage.searchProduct"/>
</testsuite> <!-- tests.macys.macysHomePage.searchProduct -->
